[2017-08-09 07:37:19] XPHP.ERROR: #0: 未处理异常：Call to undefined function Controller\Home\call_to_undefined_method() in C:\web\wwwroot\vhost\www.xtlsoft.top\XPHP\App\Home\Controller\IndexController.class.php line 15 [] []
[2017-08-09 07:47:47] XPHP.ERROR: #0: 未处理异常：Class 'Controller\Home\PDO' not found in C:\web\wwwroot\vhost\www.xtlsoft.top\XPHP\App\Home\Controller\IndexController.class.php line 17 [] []
[2017-08-09 07:48:02] XPHP.ERROR: #HY000: 未处理异常：SQLSTATE[HY000]: General error: 1 no such table: test in C:\web\wwwroot\vhost\www.xtlsoft.top\XPHP\vendor\j4mie\idiorm\idiorm.php line 485 [] []
[2017-08-09 07:49:56] XPHP.ERROR: #HY000: 未处理异常：SQLSTATE[HY000]: General error: 1 near "USE": syntax error in C:\web\wwwroot\vhost\www.xtlsoft.top\XPHP\App\Home\Controller\IndexController.class.php line 30 [] []
[2017-08-09 07:50:06] XPHP.ERROR: #HY000: 未处理异常：SQLSTATE[HY000]: General error: 1 near "USE": syntax error in C:\web\wwwroot\vhost\www.xtlsoft.top\XPHP\App\Home\Controller\IndexController.class.php line 30 [] []
[2017-08-09 07:50:50] XPHP.ERROR: #HY000: 未处理异常：SQLSTATE[HY000]: General error: 1 near "use": syntax error in C:\web\wwwroot\vhost\www.xtlsoft.top\XPHP\App\Home\Controller\IndexController.class.php line 30 [] []
[2017-08-09 07:51:16] XPHP.ERROR: #0: 未处理异常：Call to a member function query() on null in C:\web\wwwroot\vhost\www.xtlsoft.top\XPHP\App\Home\Controller\IndexController.class.php line 30 [] []
[2017-08-09 07:51:38] XPHP.ERROR: #HY000: 未处理异常：SQLSTATE[HY000]: General error: 1 near "SHOW": syntax error in C:\web\wwwroot\vhost\www.xtlsoft.top\XPHP\App\Home\Controller\IndexController.class.php line 30 [] []
[2017-08-09 07:51:50] XPHP.ERROR: #HY000: 未处理异常：SQLSTATE[HY000]: General error: 1 near "SHOW": syntax error in C:\web\wwwroot\vhost\www.xtlsoft.top\XPHP\App\Home\Controller\IndexController.class.php line 30 [] []
[2017-08-09 07:52:00] XPHP.ERROR: #HY000: 未处理异常：SQLSTATE[HY000]: General error: 1 near "SHOW": syntax error in C:\web\wwwroot\vhost\www.xtlsoft.top\XPHP\App\Home\Controller\IndexController.class.php line 30 [] []
[2017-08-09 07:52:11] XPHP.ERROR: #HY000: 未处理异常：SQLSTATE[HY000]: General error: 1 near "SHOW": syntax error in C:\web\wwwroot\vhost\www.xtlsoft.top\XPHP\App\Home\Controller\IndexController.class.php line 30 [] []
[2017-08-09 07:54:16] XPHP.ERROR: #: PHP致命错误：Object of class ORM could not be converted to string in C:\web\wwwroot\vhost\www.xtlsoft.top\XPHP\Lib\X\View.class.php(49) : eval()'d code line 42 [] []
[2017-08-09 07:56:23] XPHP.ERROR: #: PHP致命错误：Object of class ORM could not be converted to string in C:\web\wwwroot\vhost\www.xtlsoft.top\XPHP\Lib\X\View.class.php(49) : eval()'d code line 42 [] []
[2017-08-09 07:56:33] XPHP.ERROR: #: PHP致命错误：Object of class ORM could not be converted to string in C:\web\wwwroot\vhost\www.xtlsoft.top\XPHP\Lib\X\View.class.php(49) : eval()'d code line 42 [] []
[2017-08-09 12:01:09] XPHP.ERROR: #0: 未处理异常：Class 'Model\Home\IndexModel' not found in C:\web\wwwroot\vhost\www.xtlsoft.top\XPHP\Lib\X\Controller.class.php(37) : eval()'d code line 1 [] []
[2017-08-09 12:01:33] XPHP.ERROR: #0: 未处理异常：Class 'Model\Home\IndexModel' not found in C:\web\wwwroot\vhost\www.xtlsoft.top\XPHP\Lib\X\Controller.class.php(37) : eval()'d code line 1 [] []
[2017-08-09 12:01:47] XPHP.ERROR: #0: 未处理异常：Class 'Model\Home\IndexModel' not found in C:\web\wwwroot\vhost\www.xtlsoft.top\XPHP\Lib\X\Controller.class.php(37) : eval()'d code line 1 [] []
[2017-08-09 12:02:06] XPHP.ERROR: #0: 未处理异常：Class 'Model\Home\IndexModel' not found in C:\web\wwwroot\vhost\www.xtlsoft.top\XPHP\App\Home\Controller\IndexController.class.php line 19 [] []
[2017-08-09 12:03:41] XPHP.ERROR: #0: 未处理异常：invalid data source name in C:\web\wwwroot\vhost\www.xtlsoft.top\XPHP\vendor\j4mie\idiorm\idiorm.php line 328 [] []
[2017-08-09 12:04:31] XPHP.ERROR: #0: 未处理异常：invalid data source name in C:\web\wwwroot\vhost\www.xtlsoft.top\XPHP\vendor\j4mie\idiorm\idiorm.php line 328 [] []
[2017-08-09 12:04:51] XPHP.ERROR: #0: 未处理异常：invalid data source name in C:\web\wwwroot\vhost\www.xtlsoft.top\XPHP\vendor\j4mie\idiorm\idiorm.php line 328 [] []
[2017-08-09 12:05:00] XPHP.ERROR: #0: 未处理异常：invalid data source name in C:\web\wwwroot\vhost\www.xtlsoft.top\XPHP\vendor\j4mie\idiorm\idiorm.php line 328 [] []
[2017-08-09 12:05:13] XPHP.ERROR: #0: 未处理异常：invalid data source name in C:\web\wwwroot\vhost\www.xtlsoft.top\XPHP\vendor\j4mie\idiorm\idiorm.php line 328 [] []
[2017-08-09 12:06:01] XPHP.ERROR: #0: 未处理异常：invalid data source name in C:\web\wwwroot\vhost\www.xtlsoft.top\XPHP\vendor\j4mie\idiorm\idiorm.php line 328 [] []
[2017-08-09 12:06:16] XPHP.ERROR: #0: 未处理异常：Call to a member function where() on boolean in C:\web\wwwroot\vhost\www.xtlsoft.top\XPHP\App\Home\Model\IndexModel.class.php line 16 [] []
[2017-08-09 12:06:27] XPHP.ERROR: #0: 未处理异常：invalid data source name in C:\web\wwwroot\vhost\www.xtlsoft.top\XPHP\vendor\j4mie\idiorm\idiorm.php line 328 [] []
[2017-08-09 12:08:25] XPHP.ERROR: #0: 未处理异常：invalid data source name in C:\web\wwwroot\vhost\www.xtlsoft.top\XPHP\vendor\j4mie\idiorm\idiorm.php line 328 [] []
[2017-08-09 12:09:00] XPHP.ERROR: #: PHP致命错误：Uncaught PDOException: invalid data source name in C:\web\wwwroot\vhost\www.xtlsoft.top\XPHP\vendor\j4mie\idiorm\idiorm.php:328 Stack trace: #0 C:\web\wwwroot\vhost\www.xtlsoft.top\XPHP\vendor\j4mie\idiorm\idiorm.php(328): PDO->__construct('', NULL, NULL, NULL) #1 C:\web\wwwroot\vhost\www.xtlsoft.top\XPHP\vendor\j4mie\idiorm\idiorm.php(311): ORM::_setup_db('default') #2 C:\web\wwwroot\vhost\www.xtlsoft.top\XPHP\Lib\X\Model.class.php(33): ORM::for_table('X\\Model') #3 C:\web\wwwroot\vhost\www.xtlsoft.top\XPHP\Lib\X\Model.class.php(24): X\Model->ORM('X\\Model') #4 C:\web\wwwroot\vhost\www.xtlsoft.top\XPHP\Lib\X\Controller.class.php(37) : eval()'d code(1): X\Model->__construct() #5 C:\web\wwwroot\vhost\www.xtlsoft.top\XPHP\Lib\X\Controller.class.php(37): eval() #6 C:\web\wwwroot\vhost\www.xtlsoft.top\XPHP\App\Home\Controller\IndexController.class.php(17): X\Controller->Model('IndexModel', NULL) #7 C:\web\wwwroot\vhost\www.xtlsoft.top\XPHP\Lib\X\App.class.php(26): Controller\Home\IndexController->index(Array) #8  in C:\web\wwwroot\vhost\www.xtlsoft.top\XPHP\vendor\j4mie\idiorm\idiorm.php line 328 [] []
[2017-08-09 12:11:03] XPHP.ERROR: #0: 未处理异常：invalid data source name in C:\web\wwwroot\vhost\www.xtlsoft.top\XPHP\vendor\j4mie\idiorm\idiorm.php line 328 [] []
[2017-08-09 12:11:13] XPHP.ERROR: #0: 未处理异常：invalid data source name in C:\web\wwwroot\vhost\www.xtlsoft.top\XPHP\vendor\j4mie\idiorm\idiorm.php line 328 [] []
[2017-08-09 12:11:55] XPHP.ERROR: #42S02: 未处理异常：SQLSTATE[42S02]: Base table or view not found: 1146 Table 'xphp.x\model' doesn't exist in C:\web\wwwroot\vhost\www.xtlsoft.top\XPHP\vendor\j4mie\idiorm\idiorm.php line 503 [] []
[2017-08-09 12:12:25] XPHP.ERROR: #42S02: 未处理异常：SQLSTATE[42S02]: Base table or view not found: 1146 Table 'xphp.x\model' doesn't exist in C:\web\wwwroot\vhost\www.xtlsoft.top\XPHP\vendor\j4mie\idiorm\idiorm.php line 503 [] []
