[2017-12-30 00:05:44] XPHP.INFO: REQUEST CLI system:serve REMOTE  [] []
[2017-12-30 00:05:53] XPHP.INFO: REQUEST GET / REMOTE  [] []
[2017-12-30 00:05:58] XPHP.INFO: REQUEST GET /index.html REMOTE  [] []
[2017-12-30 00:06:19] XPHP.INFO: REQUEST GET /index.html REMOTE  [] []
[2017-12-30 00:06:19] XPHP.ERROR: Too few arguments to function X\View\Basic::__construct(), 0 passed and exactly 1 expected [] []
[2017-12-30 00:07:06] XPHP.INFO: REQUEST GET /index.html REMOTE  [] []
[2017-12-30 00:07:06] XPHP.ERROR: Undefined variable: tpl [] []
[2017-12-30 00:07:19] XPHP.INFO: REQUEST GET /index.html REMOTE  [] []
[2017-12-30 00:07:19] XPHP.ERROR: Undefined index: process [] []
[2017-12-30 00:07:46] XPHP.INFO: REQUEST GET /index.html REMOTE  [] []
[2017-12-30 00:07:46] XPHP.ERROR: syntax error, unexpected '&' [] []
[2017-12-30 00:09:44] XPHP.INFO: REQUEST GET /index.html REMOTE  [] []
[2017-12-30 00:09:52] XPHP.INFO: REQUEST GET /index.html REMOTE  [] []
[2017-12-30 00:11:40] XPHP.INFO: REQUEST GET /index.html REMOTE  [] []
[2017-12-30 00:11:40] XPHP.ERROR: Undefined index: RouteBase [] []
[2017-12-30 00:12:07] XPHP.INFO: REQUEST GET /index.html REMOTE  [] []
[2017-12-30 00:12:26] XPHP.INFO: REQUEST GET /index.html REMOTE  [] []
[2017-12-30 00:12:52] XPHP.INFO: REQUEST GET /index.html REMOTE  [] []
[2017-12-30 00:13:36] XPHP.INFO: REQUEST GET /index.html REMOTE  [] []
[2017-12-30 00:13:40] XPHP.INFO: REQUEST GET /test.index.html REMOTE  [] []
[2017-12-30 00:13:43] XPHP.INFO: REQUEST GET /test/index.html REMOTE  [] []
[2017-12-30 00:13:46] XPHP.INFO: REQUEST GET /tes2/index.html REMOTE  [] []
[2017-12-30 00:13:54] XPHP.INFO: REQUEST GET /index.html REMOTE  [] []
[2018-01-01 03:04:21] XPHP.INFO: REQUEST GET / REMOTE  [] []
[2018-01-01 03:04:33] XPHP.INFO: REQUEST GET /index.html REMOTE  [] []
[2018-01-01 03:04:34] XPHP.INFO: REQUEST GET /index.html REMOTE  [] []
[2018-01-01 03:04:34] XPHP.INFO: REQUEST GET /favicon.ico REMOTE  [] []
[2018-01-20 13:25:21] XPHP.INFO: REQUEST GET / REMOTE  [] []
